<?xml version="1.0" encoding="UTF-8"?>
<testsuite xmlns:xsi="http://www.w3.org/2001/XMLSchema-instance" xsi:noNamespaceSchemaLocation="https://maven.apache.org/surefire/maven-surefire-plugin/xsd/surefire-test-report.xsd" version="3.0.2" name="com.example.mealse.ch03.OrderPlanFormValidatorTest" time="0.163" tests="6" errors="0" skipped="0" failures="0">
  <properties>
[...]
</properties>
  <testcase name="premiumPlan_valid" classname="com.example.mealse.ch03.OrderPlanFormValidatorTest" time="0.133">
    <system-out><![CDATA[21:51:07.594 [main] INFO org.hibernate.validator.internal.util.Version -- HV000001: Hibernate Validator 9.0.1.Final
]]></system-out>
  </testcase>
  <testcase name="standardPlan_valid" classname="com.example.mealse.ch03.OrderPlanFormValidatorTest" time="0.006"/>
  <testcase name="customPlan_startDateTooSoon_invalid" classname="com.example.mealse.ch03.OrderPlanFormValidatorTest" time="0.007"/>
  <testcase name="customPlan_valid" classname="com.example.mealse.ch03.OrderPlanFormValidatorTest" time="0.005"/>
  <testcase name="premiumPlan_missingIncludeFrozen_invalid" classname="com.example.mealse.ch03.OrderPlanFormValidatorTest" time="0.004"/>
  <testcase name="standardPlan_missingMealSetId_invalid" classname="com.example.mealse.ch03.OrderPlanFormValidatorTest" time="0.004"/>
</testsuite>